01-Nov-2020 00:01:57.533 INFO [main] org.apache.catalina.startup.VersionLoggerListener.log Server version:        Apache Tomcat/8.5.23
01-Nov-2020 00:01:57.537 INFO [main] org.apache.catalina.startup.VersionLoggerListener.log Server built:          Sep 28 2017 10:30:11 UTC
01-Nov-2020 00:01:57.538 INFO [main] org.apache.catalina.startup.VersionLoggerListener.log Server number:         8.5.23.0
01-Nov-2020 00:01:57.538 INFO [main] org.apache.catalina.startup.VersionLoggerListener.log OS Name:               Windows 10
01-Nov-2020 00:01:57.538 INFO [main] org.apache.catalina.startup.VersionLoggerListener.log OS Version:            10.0
01-Nov-2020 00:01:57.539 INFO [main] org.apache.catalina.startup.VersionLoggerListener.log Architecture:          amd64
01-Nov-2020 00:01:57.539 INFO [main] org.apache.catalina.startup.VersionLoggerListener.log Java Home:             C:\Program Files\Java\jdk1.8.0_261\jre
01-Nov-2020 00:01:57.539 INFO [main] org.apache.catalina.startup.VersionLoggerListener.log JVM Version:           1.8.0_261-b12
01-Nov-2020 00:01:57.539 INFO [main] org.apache.catalina.startup.VersionLoggerListener.log JVM Vendor:            Oracle Corporation
01-Nov-2020 00:01:57.542 INFO [main] org.apache.catalina.startup.VersionLoggerListener.log CATALINA_BASE:         C:\Users\Ron Koifman\Desktop\apache-tomcat-8.5.23
01-Nov-2020 00:01:57.542 INFO [main] org.apache.catalina.startup.VersionLoggerListener.log CATALINA_HOME:         C:\Users\Ron Koifman\Desktop\apache-tomcat-8.5.23
01-Nov-2020 00:01:57.543 INFO [main] org.apache.catalina.startup.VersionLoggerListener.log Command line argument: -Djava.util.logging.config.file=C:\Users\Ron Koifman\Desktop\apache-tomcat-8.5.23\conf\logging.properties
01-Nov-2020 00:01:57.543 INFO [main] org.apache.catalina.startup.VersionLoggerListener.log Command line argument: -Djava.util.logging.manager=org.apache.juli.ClassLoaderLogManager
01-Nov-2020 00:01:57.543 INFO [main] org.apache.catalina.startup.VersionLoggerListener.log Command line argument: -Djdk.tls.ephemeralDHKeySize=2048
01-Nov-2020 00:01:57.543 INFO [main] org.apache.catalina.startup.VersionLoggerListener.log Command line argument: -Djava.protocol.handler.pkgs=org.apache.catalina.webresources
01-Nov-2020 00:01:57.543 INFO [main] org.apache.catalina.startup.VersionLoggerListener.log Command line argument: -Dcatalina.base=C:\Users\Ron Koifman\Desktop\apache-tomcat-8.5.23
01-Nov-2020 00:01:57.543 INFO [main] org.apache.catalina.startup.VersionLoggerListener.log Command line argument: -Dcatalina.home=C:\Users\Ron Koifman\Desktop\apache-tomcat-8.5.23
01-Nov-2020 00:01:57.544 INFO [main] org.apache.catalina.startup.VersionLoggerListener.log Command line argument: -Djava.io.tmpdir=C:\Users\Ron Koifman\Desktop\apache-tomcat-8.5.23\temp
01-Nov-2020 00:01:57.545 INFO [main] org.apache.catalina.core.AprLifecycleListener.lifecycleEvent Loaded APR based Apache Tomcat Native library [1.2.14] using APR version [1.6.2].
01-Nov-2020 00:01:57.545 INFO [main] org.apache.catalina.core.AprLifecycleListener.lifecycleEvent APR capabilities: IPv6 [true], sendfile [true], accept filters [false], random [true].
01-Nov-2020 00:01:57.546 INFO [main] org.apache.catalina.core.AprLifecycleListener.lifecycleEvent APR/OpenSSL configuration: useAprConnector [false], useOpenSSL [true]
01-Nov-2020 00:01:57.880 INFO [main] org.apache.catalina.core.AprLifecycleListener.initializeSSL OpenSSL successfully initialized [OpenSSL 1.0.2l  25 May 2017]
01-Nov-2020 00:01:58.067 INFO [main] org.apache.coyote.AbstractProtocol.init Initializing ProtocolHandler ["http-nio-8080"]
01-Nov-2020 00:01:58.256 INFO [main] org.apache.tomcat.util.net.NioSelectorPool.getSharedSelector Using a shared selector for servlet write/read
01-Nov-2020 00:01:58.260 INFO [main] org.apache.coyote.AbstractProtocol.init Initializing ProtocolHandler ["ajp-nio-8009"]
01-Nov-2020 00:01:58.261 INFO [main] org.apache.tomcat.util.net.NioSelectorPool.getSharedSelector Using a shared selector for servlet write/read
01-Nov-2020 00:01:58.262 INFO [main] org.apache.catalina.startup.Catalina.load Initialization processed in 1112 ms
01-Nov-2020 00:01:58.296 INFO [main] org.apache.catalina.core.StandardService.startInternal Starting service [Catalina]
01-Nov-2020 00:01:58.297 INFO [main] org.apache.catalina.core.StandardEngine.startInternal Starting Servlet Engine: Apache Tomcat/8.5.23
01-Nov-2020 00:01:58.327 INFO [localhost-startStop-1] org.apache.catalina.startup.HostConfig.deployWAR Deploying web application archive [C:\Users\Ron Koifman\Desktop\apache-tomcat-8.5.23\webapps\sd-market.war]
01-Nov-2020 00:01:58.513 WARNING [localhost-startStop-1] org.apache.tomcat.util.descriptor.web.WebXml.setVersion Unknown version string [4.0]. Default version will be used.
01-Nov-2020 00:01:58.746 INFO [localhost-startStop-1] org.apache.jasper.servlet.TldScanner.scanJars At least one JAR was scanned for TLDs yet contained no TLDs. Enable debug logging for this logger for a complete list of JARs that were scanned but no TLDs were found in them. Skipping unneeded JARs during scanning can improve startup time and JSP compilation time.
01-Nov-2020 00:01:58.786 INFO [localhost-startStop-1] org.apache.catalina.startup.HostConfig.deployWAR Deployment of web application archive [C:\Users\Ron Koifman\Desktop\apache-tomcat-8.5.23\webapps\sd-market.war] has finished in [458] ms
01-Nov-2020 00:01:58.787 INFO [localhost-startStop-1] org.apache.catalina.startup.HostConfig.deployDirectory Deploying web application directory [C:\Users\Ron Koifman\Desktop\apache-tomcat-8.5.23\webapps\docs]
01-Nov-2020 00:01:58.811 INFO [localhost-startStop-1] org.apache.catalina.startup.HostConfig.deployDirectory Deployment of web application directory [C:\Users\Ron Koifman\Desktop\apache-tomcat-8.5.23\webapps\docs] has finished in [25] ms
01-Nov-2020 00:01:58.812 INFO [localhost-startStop-1] org.apache.catalina.startup.HostConfig.deployDirectory Deploying web application directory [C:\Users\Ron Koifman\Desktop\apache-tomcat-8.5.23\webapps\examples]
01-Nov-2020 00:01:59.221 INFO [localhost-startStop-1] org.apache.catalina.startup.HostConfig.deployDirectory Deployment of web application directory [C:\Users\Ron Koifman\Desktop\apache-tomcat-8.5.23\webapps\examples] has finished in [409] ms
01-Nov-2020 00:01:59.222 INFO [localhost-startStop-1] org.apache.catalina.startup.HostConfig.deployDirectory Deploying web application directory [C:\Users\Ron Koifman\Desktop\apache-tomcat-8.5.23\webapps\host-manager]
01-Nov-2020 00:01:59.247 INFO [localhost-startStop-1] org.apache.catalina.startup.HostConfig.deployDirectory Deployment of web application directory [C:\Users\Ron Koifman\Desktop\apache-tomcat-8.5.23\webapps\host-manager] has finished in [24] ms
01-Nov-2020 00:01:59.247 INFO [localhost-startStop-1] org.apache.catalina.startup.HostConfig.deployDirectory Deploying web application directory [C:\Users\Ron Koifman\Desktop\apache-tomcat-8.5.23\webapps\manager]
01-Nov-2020 00:01:59.271 INFO [localhost-startStop-1] org.apache.catalina.startup.HostConfig.deployDirectory Deployment of web application directory [C:\Users\Ron Koifman\Desktop\apache-tomcat-8.5.23\webapps\manager] has finished in [24] ms
01-Nov-2020 00:01:59.272 INFO [localhost-startStop-1] org.apache.catalina.startup.HostConfig.deployDirectory Deploying web application directory [C:\Users\Ron Koifman\Desktop\apache-tomcat-8.5.23\webapps\ROOT]
01-Nov-2020 00:01:59.290 INFO [localhost-startStop-1] org.apache.catalina.startup.HostConfig.deployDirectory Deployment of web application directory [C:\Users\Ron Koifman\Desktop\apache-tomcat-8.5.23\webapps\ROOT] has finished in [18] ms
01-Nov-2020 00:01:59.293 INFO [main] org.apache.coyote.AbstractProtocol.start Starting ProtocolHandler ["http-nio-8080"]
01-Nov-2020 00:01:59.299 INFO [main] org.apache.coyote.AbstractProtocol.start Starting ProtocolHandler ["ajp-nio-8009"]
01-Nov-2020 00:01:59.301 INFO [main] org.apache.catalina.startup.Catalina.start Server startup in 1036 ms
01-Nov-2020 00:22:40.922 INFO [main] org.apache.catalina.startup.VersionLoggerListener.log Server version:        Apache Tomcat/8.5.23
01-Nov-2020 00:22:40.925 INFO [main] org.apache.catalina.startup.VersionLoggerListener.log Server built:          Sep 28 2017 10:30:11 UTC
01-Nov-2020 00:22:40.925 INFO [main] org.apache.catalina.startup.VersionLoggerListener.log Server number:         8.5.23.0
01-Nov-2020 00:22:40.925 INFO [main] org.apache.catalina.startup.VersionLoggerListener.log OS Name:               Windows 10
01-Nov-2020 00:22:40.925 INFO [main] org.apache.catalina.startup.VersionLoggerListener.log OS Version:            10.0
01-Nov-2020 00:22:40.926 INFO [main] org.apache.catalina.startup.VersionLoggerListener.log Architecture:          amd64
01-Nov-2020 00:22:40.926 INFO [main] org.apache.catalina.startup.VersionLoggerListener.log Java Home:             C:\Program Files\Java\jdk1.8.0_261\jre
01-Nov-2020 00:22:40.926 INFO [main] org.apache.catalina.startup.VersionLoggerListener.log JVM Version:           1.8.0_261-b12
01-Nov-2020 00:22:40.926 INFO [main] org.apache.catalina.startup.VersionLoggerListener.log JVM Vendor:            Oracle Corporation
01-Nov-2020 00:22:40.930 INFO [main] org.apache.catalina.startup.VersionLoggerListener.log CATALINA_BASE:         C:\Users\Ron Koifman\Desktop\apache-tomcat-8.5.23
01-Nov-2020 00:22:40.930 INFO [main] org.apache.catalina.startup.VersionLoggerListener.log CATALINA_HOME:         C:\Users\Ron Koifman\Desktop\apache-tomcat-8.5.23
01-Nov-2020 00:22:40.930 INFO [main] org.apache.catalina.startup.VersionLoggerListener.log Command line argument: -Djava.util.logging.config.file=C:\Users\Ron Koifman\Desktop\apache-tomcat-8.5.23\conf\logging.properties
01-Nov-2020 00:22:40.930 INFO [main] org.apache.catalina.startup.VersionLoggerListener.log Command line argument: -Djava.util.logging.manager=org.apache.juli.ClassLoaderLogManager
01-Nov-2020 00:22:40.930 INFO [main] org.apache.catalina.startup.VersionLoggerListener.log Command line argument: -Djdk.tls.ephemeralDHKeySize=2048
01-Nov-2020 00:22:40.931 INFO [main] org.apache.catalina.startup.VersionLoggerListener.log Command line argument: -Djava.protocol.handler.pkgs=org.apache.catalina.webresources
01-Nov-2020 00:22:40.931 INFO [main] org.apache.catalina.startup.VersionLoggerListener.log Command line argument: -Dcatalina.base=C:\Users\Ron Koifman\Desktop\apache-tomcat-8.5.23
01-Nov-2020 00:22:40.931 INFO [main] org.apache.catalina.startup.VersionLoggerListener.log Command line argument: -Dcatalina.home=C:\Users\Ron Koifman\Desktop\apache-tomcat-8.5.23
01-Nov-2020 00:22:40.931 INFO [main] org.apache.catalina.startup.VersionLoggerListener.log Command line argument: -Djava.io.tmpdir=C:\Users\Ron Koifman\Desktop\apache-tomcat-8.5.23\temp
01-Nov-2020 00:22:40.932 INFO [main] org.apache.catalina.core.AprLifecycleListener.lifecycleEvent Loaded APR based Apache Tomcat Native library [1.2.14] using APR version [1.6.2].
01-Nov-2020 00:22:40.933 INFO [main] org.apache.catalina.core.AprLifecycleListener.lifecycleEvent APR capabilities: IPv6 [true], sendfile [true], accept filters [false], random [true].
01-Nov-2020 00:22:40.934 INFO [main] org.apache.catalina.core.AprLifecycleListener.lifecycleEvent APR/OpenSSL configuration: useAprConnector [false], useOpenSSL [true]
01-Nov-2020 00:22:41.277 INFO [main] org.apache.catalina.core.AprLifecycleListener.initializeSSL OpenSSL successfully initialized [OpenSSL 1.0.2l  25 May 2017]
01-Nov-2020 00:22:41.411 INFO [main] org.apache.coyote.AbstractProtocol.init Initializing ProtocolHandler ["http-nio-8080"]
01-Nov-2020 00:22:41.602 INFO [main] org.apache.tomcat.util.net.NioSelectorPool.getSharedSelector Using a shared selector for servlet write/read
01-Nov-2020 00:22:41.604 INFO [main] org.apache.coyote.AbstractProtocol.init Initializing ProtocolHandler ["ajp-nio-8009"]
01-Nov-2020 00:22:41.607 INFO [main] org.apache.tomcat.util.net.NioSelectorPool.getSharedSelector Using a shared selector for servlet write/read
01-Nov-2020 00:22:41.607 INFO [main] org.apache.catalina.startup.Catalina.load Initialization processed in 1034 ms
01-Nov-2020 00:22:41.642 INFO [main] org.apache.catalina.core.StandardService.startInternal Starting service [Catalina]
01-Nov-2020 00:22:41.642 INFO [main] org.apache.catalina.core.StandardEngine.startInternal Starting Servlet Engine: Apache Tomcat/8.5.23
01-Nov-2020 00:22:41.670 INFO [localhost-startStop-1] org.apache.catalina.startup.HostConfig.deployWAR Deploying web application archive [C:\Users\Ron Koifman\Desktop\apache-tomcat-8.5.23\webapps\sd-market.war]
01-Nov-2020 00:22:42.072 WARNING [localhost-startStop-1] org.apache.tomcat.util.descriptor.web.WebXml.setVersion Unknown version string [4.0]. Default version will be used.
01-Nov-2020 00:22:42.308 INFO [localhost-startStop-1] org.apache.jasper.servlet.TldScanner.scanJars At least one JAR was scanned for TLDs yet contained no TLDs. Enable debug logging for this logger for a complete list of JARs that were scanned but no TLDs were found in them. Skipping unneeded JARs during scanning can improve startup time and JSP compilation time.
01-Nov-2020 00:22:42.354 INFO [localhost-startStop-1] org.apache.catalina.startup.HostConfig.deployWAR Deployment of web application archive [C:\Users\Ron Koifman\Desktop\apache-tomcat-8.5.23\webapps\sd-market.war] has finished in [683] ms
01-Nov-2020 00:22:42.355 INFO [localhost-startStop-1] org.apache.catalina.startup.HostConfig.deployDirectory Deploying web application directory [C:\Users\Ron Koifman\Desktop\apache-tomcat-8.5.23\webapps\docs]
01-Nov-2020 00:22:42.383 INFO [localhost-startStop-1] org.apache.catalina.startup.HostConfig.deployDirectory Deployment of web application directory [C:\Users\Ron Koifman\Desktop\apache-tomcat-8.5.23\webapps\docs] has finished in [27] ms
01-Nov-2020 00:22:42.383 INFO [localhost-startStop-1] org.apache.catalina.startup.HostConfig.deployDirectory Deploying web application directory [C:\Users\Ron Koifman\Desktop\apache-tomcat-8.5.23\webapps\examples]
01-Nov-2020 00:22:42.734 INFO [localhost-startStop-1] org.apache.catalina.startup.HostConfig.deployDirectory Deployment of web application directory [C:\Users\Ron Koifman\Desktop\apache-tomcat-8.5.23\webapps\examples] has finished in [351] ms
01-Nov-2020 00:22:42.735 INFO [localhost-startStop-1] org.apache.catalina.startup.HostConfig.deployDirectory Deploying web application directory [C:\Users\Ron Koifman\Desktop\apache-tomcat-8.5.23\webapps\host-manager]
01-Nov-2020 00:22:42.774 INFO [localhost-startStop-1] org.apache.catalina.startup.HostConfig.deployDirectory Deployment of web application directory [C:\Users\Ron Koifman\Desktop\apache-tomcat-8.5.23\webapps\host-manager] has finished in [39] ms
01-Nov-2020 00:22:42.774 INFO [localhost-startStop-1] org.apache.catalina.startup.HostConfig.deployDirectory Deploying web application directory [C:\Users\Ron Koifman\Desktop\apache-tomcat-8.5.23\webapps\manager]
01-Nov-2020 00:22:42.815 INFO [localhost-startStop-1] org.apache.catalina.startup.HostConfig.deployDirectory Deployment of web application directory [C:\Users\Ron Koifman\Desktop\apache-tomcat-8.5.23\webapps\manager] has finished in [41] ms
01-Nov-2020 00:22:42.816 INFO [localhost-startStop-1] org.apache.catalina.startup.HostConfig.deployDirectory Deploying web application directory [C:\Users\Ron Koifman\Desktop\apache-tomcat-8.5.23\webapps\ROOT]
01-Nov-2020 00:22:42.849 INFO [localhost-startStop-1] org.apache.catalina.startup.HostConfig.deployDirectory Deployment of web application directory [C:\Users\Ron Koifman\Desktop\apache-tomcat-8.5.23\webapps\ROOT] has finished in [33] ms
01-Nov-2020 00:22:42.856 INFO [main] org.apache.coyote.AbstractProtocol.start Starting ProtocolHandler ["http-nio-8080"]
01-Nov-2020 00:22:42.871 INFO [main] org.apache.coyote.AbstractProtocol.start Starting ProtocolHandler ["ajp-nio-8009"]
01-Nov-2020 00:22:42.875 INFO [main] org.apache.catalina.startup.Catalina.start Server startup in 1265 ms
01-Nov-2020 02:09:29.896 INFO [main] org.apache.catalina.startup.VersionLoggerListener.log Server version:        Apache Tomcat/8.5.23
01-Nov-2020 02:09:29.899 INFO [main] org.apache.catalina.startup.VersionLoggerListener.log Server built:          Sep 28 2017 10:30:11 UTC
01-Nov-2020 02:09:29.900 INFO [main] org.apache.catalina.startup.VersionLoggerListener.log Server number:         8.5.23.0
01-Nov-2020 02:09:29.900 INFO [main] org.apache.catalina.startup.VersionLoggerListener.log OS Name:               Windows 10
01-Nov-2020 02:09:29.900 INFO [main] org.apache.catalina.startup.VersionLoggerListener.log OS Version:            10.0
01-Nov-2020 02:09:29.900 INFO [main] org.apache.catalina.startup.VersionLoggerListener.log Architecture:          amd64
01-Nov-2020 02:09:29.900 INFO [main] org.apache.catalina.startup.VersionLoggerListener.log Java Home:             C:\Program Files\Java\jdk1.8.0_261\jre
01-Nov-2020 02:09:29.900 INFO [main] org.apache.catalina.startup.VersionLoggerListener.log JVM Version:           1.8.0_261-b12
01-Nov-2020 02:09:29.901 INFO [main] org.apache.catalina.startup.VersionLoggerListener.log JVM Vendor:            Oracle Corporation
01-Nov-2020 02:09:29.904 INFO [main] org.apache.catalina.startup.VersionLoggerListener.log CATALINA_BASE:         C:\Users\Ron Koifman\Desktop\apache-tomcat-8.5.23
01-Nov-2020 02:09:29.904 INFO [main] org.apache.catalina.startup.VersionLoggerListener.log CATALINA_HOME:         C:\Users\Ron Koifman\Desktop\apache-tomcat-8.5.23
01-Nov-2020 02:09:29.904 INFO [main] org.apache.catalina.startup.VersionLoggerListener.log Command line argument: -Djava.util.logging.config.file=C:\Users\Ron Koifman\Desktop\apache-tomcat-8.5.23\conf\logging.properties
01-Nov-2020 02:09:29.904 INFO [main] org.apache.catalina.startup.VersionLoggerListener.log Command line argument: -Djava.util.logging.manager=org.apache.juli.ClassLoaderLogManager
01-Nov-2020 02:09:29.905 INFO [main] org.apache.catalina.startup.VersionLoggerListener.log Command line argument: -Djdk.tls.ephemeralDHKeySize=2048
01-Nov-2020 02:09:29.905 INFO [main] org.apache.catalina.startup.VersionLoggerListener.log Command line argument: -Djava.protocol.handler.pkgs=org.apache.catalina.webresources
01-Nov-2020 02:09:29.905 INFO [main] org.apache.catalina.startup.VersionLoggerListener.log Command line argument: -Dcatalina.base=C:\Users\Ron Koifman\Desktop\apache-tomcat-8.5.23
01-Nov-2020 02:09:29.905 INFO [main] org.apache.catalina.startup.VersionLoggerListener.log Command line argument: -Dcatalina.home=C:\Users\Ron Koifman\Desktop\apache-tomcat-8.5.23
01-Nov-2020 02:09:29.906 INFO [main] org.apache.catalina.startup.VersionLoggerListener.log Command line argument: -Djava.io.tmpdir=C:\Users\Ron Koifman\Desktop\apache-tomcat-8.5.23\temp
01-Nov-2020 02:09:29.907 INFO [main] org.apache.catalina.core.AprLifecycleListener.lifecycleEvent Loaded APR based Apache Tomcat Native library [1.2.14] using APR version [1.6.2].
01-Nov-2020 02:09:29.907 INFO [main] org.apache.catalina.core.AprLifecycleListener.lifecycleEvent APR capabilities: IPv6 [true], sendfile [true], accept filters [false], random [true].
01-Nov-2020 02:09:29.908 INFO [main] org.apache.catalina.core.AprLifecycleListener.lifecycleEvent APR/OpenSSL configuration: useAprConnector [false], useOpenSSL [true]
01-Nov-2020 02:09:30.235 INFO [main] org.apache.catalina.core.AprLifecycleListener.initializeSSL OpenSSL successfully initialized [OpenSSL 1.0.2l  25 May 2017]
01-Nov-2020 02:09:30.365 INFO [main] org.apache.coyote.AbstractProtocol.init Initializing ProtocolHandler ["http-nio-8080"]
01-Nov-2020 02:09:30.552 INFO [main] org.apache.tomcat.util.net.NioSelectorPool.getSharedSelector Using a shared selector for servlet write/read
01-Nov-2020 02:09:30.562 INFO [main] org.apache.coyote.AbstractProtocol.init Initializing ProtocolHandler ["ajp-nio-8009"]
01-Nov-2020 02:09:30.564 INFO [main] org.apache.tomcat.util.net.NioSelectorPool.getSharedSelector Using a shared selector for servlet write/read
01-Nov-2020 02:09:30.564 INFO [main] org.apache.catalina.startup.Catalina.load Initialization processed in 983 ms
01-Nov-2020 02:09:30.592 INFO [main] org.apache.catalina.core.StandardService.startInternal Starting service [Catalina]
01-Nov-2020 02:09:30.593 INFO [main] org.apache.catalina.core.StandardEngine.startInternal Starting Servlet Engine: Apache Tomcat/8.5.23
01-Nov-2020 02:09:30.616 INFO [localhost-startStop-1] org.apache.catalina.startup.HostConfig.deployWAR Deploying web application archive [C:\Users\Ron Koifman\Desktop\apache-tomcat-8.5.23\webapps\webapp_war.war]
01-Nov-2020 02:09:30.989 WARNING [localhost-startStop-1] org.apache.tomcat.util.descriptor.web.WebXml.setVersion Unknown version string [4.0]. Default version will be used.
01-Nov-2020 02:09:31.193 INFO [localhost-startStop-1] org.apache.jasper.servlet.TldScanner.scanJars At least one JAR was scanned for TLDs yet contained no TLDs. Enable debug logging for this logger for a complete list of JARs that were scanned but no TLDs were found in them. Skipping unneeded JARs during scanning can improve startup time and JSP compilation time.
01-Nov-2020 02:09:31.241 INFO [localhost-startStop-1] org.apache.catalina.startup.HostConfig.deployWAR Deployment of web application archive [C:\Users\Ron Koifman\Desktop\apache-tomcat-8.5.23\webapps\webapp_war.war] has finished in [625] ms
01-Nov-2020 02:09:31.243 INFO [localhost-startStop-1] org.apache.catalina.startup.HostConfig.deployDirectory Deploying web application directory [C:\Users\Ron Koifman\Desktop\apache-tomcat-8.5.23\webapps\docs]
01-Nov-2020 02:09:31.271 INFO [localhost-startStop-1] org.apache.catalina.startup.HostConfig.deployDirectory Deployment of web application directory [C:\Users\Ron Koifman\Desktop\apache-tomcat-8.5.23\webapps\docs] has finished in [29] ms
01-Nov-2020 02:09:31.271 INFO [localhost-startStop-1] org.apache.catalina.startup.HostConfig.deployDirectory Deploying web application directory [C:\Users\Ron Koifman\Desktop\apache-tomcat-8.5.23\webapps\examples]
01-Nov-2020 02:09:31.624 INFO [localhost-startStop-1] org.apache.catalina.startup.HostConfig.deployDirectory Deployment of web application directory [C:\Users\Ron Koifman\Desktop\apache-tomcat-8.5.23\webapps\examples] has finished in [353] ms
01-Nov-2020 02:09:31.624 INFO [localhost-startStop-1] org.apache.catalina.startup.HostConfig.deployDirectory Deploying web application directory [C:\Users\Ron Koifman\Desktop\apache-tomcat-8.5.23\webapps\host-manager]
01-Nov-2020 02:09:31.655 INFO [localhost-startStop-1] org.apache.catalina.startup.HostConfig.deployDirectory Deployment of web application directory [C:\Users\Ron Koifman\Desktop\apache-tomcat-8.5.23\webapps\host-manager] has finished in [31] ms
01-Nov-2020 02:09:31.656 INFO [localhost-startStop-1] org.apache.catalina.startup.HostConfig.deployDirectory Deploying web application directory [C:\Users\Ron Koifman\Desktop\apache-tomcat-8.5.23\webapps\manager]
01-Nov-2020 02:09:31.687 INFO [localhost-startStop-1] org.apache.catalina.startup.HostConfig.deployDirectory Deployment of web application directory [C:\Users\Ron Koifman\Desktop\apache-tomcat-8.5.23\webapps\manager] has finished in [31] ms
01-Nov-2020 02:09:31.687 INFO [localhost-startStop-1] org.apache.catalina.startup.HostConfig.deployDirectory Deploying web application directory [C:\Users\Ron Koifman\Desktop\apache-tomcat-8.5.23\webapps\ROOT]
01-Nov-2020 02:09:31.715 INFO [localhost-startStop-1] org.apache.catalina.startup.HostConfig.deployDirectory Deployment of web application directory [C:\Users\Ron Koifman\Desktop\apache-tomcat-8.5.23\webapps\ROOT] has finished in [28] ms
01-Nov-2020 02:09:31.715 INFO [localhost-startStop-1] org.apache.catalina.startup.HostConfig.deployDirectory Deploying web application directory [C:\Users\Ron Koifman\Desktop\apache-tomcat-8.5.23\webapps\sd-market]
01-Nov-2020 02:09:31.735 WARNING [localhost-startStop-1] org.apache.tomcat.util.descriptor.web.WebXml.setVersion Unknown version string [4.0]. Default version will be used.
01-Nov-2020 02:09:31.879 INFO [localhost-startStop-1] org.apache.jasper.servlet.TldScanner.scanJars At least one JAR was scanned for TLDs yet contained no TLDs. Enable debug logging for this logger for a complete list of JARs that were scanned but no TLDs were found in them. Skipping unneeded JARs during scanning can improve startup time and JSP compilation time.
01-Nov-2020 02:09:31.882 INFO [localhost-startStop-1] org.apache.catalina.startup.HostConfig.deployDirectory Deployment of web application directory [C:\Users\Ron Koifman\Desktop\apache-tomcat-8.5.23\webapps\sd-market] has finished in [167] ms
01-Nov-2020 02:09:31.886 INFO [main] org.apache.coyote.AbstractProtocol.start Starting ProtocolHandler ["http-nio-8080"]
01-Nov-2020 02:09:31.897 INFO [main] org.apache.coyote.AbstractProtocol.start Starting ProtocolHandler ["ajp-nio-8009"]
01-Nov-2020 02:09:31.912 INFO [main] org.apache.catalina.startup.Catalina.start Server startup in 1346 ms
01-Nov-2020 02:12:17.973 INFO [main] org.apache.catalina.startup.VersionLoggerListener.log Server version:        Apache Tomcat/8.5.23
01-Nov-2020 02:12:17.976 INFO [main] org.apache.catalina.startup.VersionLoggerListener.log Server built:          Sep 28 2017 10:30:11 UTC
01-Nov-2020 02:12:17.976 INFO [main] org.apache.catalina.startup.VersionLoggerListener.log Server number:         8.5.23.0
01-Nov-2020 02:12:17.976 INFO [main] org.apache.catalina.startup.VersionLoggerListener.log OS Name:               Windows 10
01-Nov-2020 02:12:17.976 INFO [main] org.apache.catalina.startup.VersionLoggerListener.log OS Version:            10.0
01-Nov-2020 02:12:17.977 INFO [main] org.apache.catalina.startup.VersionLoggerListener.log Architecture:          amd64
01-Nov-2020 02:12:17.977 INFO [main] org.apache.catalina.startup.VersionLoggerListener.log Java Home:             C:\Program Files\Java\jdk1.8.0_261\jre
01-Nov-2020 02:12:17.977 INFO [main] org.apache.catalina.startup.VersionLoggerListener.log JVM Version:           1.8.0_261-b12
01-Nov-2020 02:12:17.977 INFO [main] org.apache.catalina.startup.VersionLoggerListener.log JVM Vendor:            Oracle Corporation
01-Nov-2020 02:12:17.977 INFO [main] org.apache.catalina.startup.VersionLoggerListener.log CATALINA_BASE:         C:\Users\Ron Koifman\Desktop\apache-tomcat-8.5.23
01-Nov-2020 02:12:17.977 INFO [main] org.apache.catalina.startup.VersionLoggerListener.log CATALINA_HOME:         C:\Users\Ron Koifman\Desktop\apache-tomcat-8.5.23
01-Nov-2020 02:12:17.977 INFO [main] org.apache.catalina.startup.VersionLoggerListener.log Command line argument: -Djava.util.logging.config.file=C:\Users\Ron Koifman\Desktop\apache-tomcat-8.5.23\conf\logging.properties
01-Nov-2020 02:12:17.978 INFO [main] org.apache.catalina.startup.VersionLoggerListener.log Command line argument: -Djava.util.logging.manager=org.apache.juli.ClassLoaderLogManager
01-Nov-2020 02:12:17.978 INFO [main] org.apache.catalina.startup.VersionLoggerListener.log Command line argument: -Djdk.tls.ephemeralDHKeySize=2048
01-Nov-2020 02:12:17.978 INFO [main] org.apache.catalina.startup.VersionLoggerListener.log Command line argument: -Djava.protocol.handler.pkgs=org.apache.catalina.webresources
01-Nov-2020 02:12:17.978 INFO [main] org.apache.catalina.startup.VersionLoggerListener.log Command line argument: -Dcatalina.base=C:\Users\Ron Koifman\Desktop\apache-tomcat-8.5.23
01-Nov-2020 02:12:17.978 INFO [main] org.apache.catalina.startup.VersionLoggerListener.log Command line argument: -Dcatalina.home=C:\Users\Ron Koifman\Desktop\apache-tomcat-8.5.23
01-Nov-2020 02:12:17.979 INFO [main] org.apache.catalina.startup.VersionLoggerListener.log Command line argument: -Djava.io.tmpdir=C:\Users\Ron Koifman\Desktop\apache-tomcat-8.5.23\temp
01-Nov-2020 02:12:17.979 INFO [main] org.apache.catalina.core.AprLifecycleListener.lifecycleEvent Loaded APR based Apache Tomcat Native library [1.2.14] using APR version [1.6.2].
01-Nov-2020 02:12:17.980 INFO [main] org.apache.catalina.core.AprLifecycleListener.lifecycleEvent APR capabilities: IPv6 [true], sendfile [true], accept filters [false], random [true].
01-Nov-2020 02:12:17.980 INFO [main] org.apache.catalina.core.AprLifecycleListener.lifecycleEvent APR/OpenSSL configuration: useAprConnector [false], useOpenSSL [true]
01-Nov-2020 02:12:18.343 INFO [main] org.apache.catalina.core.AprLifecycleListener.initializeSSL OpenSSL successfully initialized [OpenSSL 1.0.2l  25 May 2017]
01-Nov-2020 02:12:18.501 INFO [main] org.apache.coyote.AbstractProtocol.init Initializing ProtocolHandler ["http-nio-8080"]
01-Nov-2020 02:12:18.704 INFO [main] org.apache.tomcat.util.net.NioSelectorPool.getSharedSelector Using a shared selector for servlet write/read
01-Nov-2020 02:12:18.707 INFO [main] org.apache.coyote.AbstractProtocol.init Initializing ProtocolHandler ["ajp-nio-8009"]
01-Nov-2020 02:12:18.710 INFO [main] org.apache.tomcat.util.net.NioSelectorPool.getSharedSelector Using a shared selector for servlet write/read
01-Nov-2020 02:12:18.711 INFO [main] org.apache.catalina.startup.Catalina.load Initialization processed in 1088 ms
01-Nov-2020 02:12:18.739 INFO [main] org.apache.catalina.core.StandardService.startInternal Starting service [Catalina]
01-Nov-2020 02:12:18.739 INFO [main] org.apache.catalina.core.StandardEngine.startInternal Starting Servlet Engine: Apache Tomcat/8.5.23
01-Nov-2020 02:12:18.762 INFO [localhost-startStop-1] org.apache.catalina.startup.HostConfig.deployWAR Deploying web application archive [C:\Users\Ron Koifman\Desktop\apache-tomcat-8.5.23\webapps\webapp_war.war]
01-Nov-2020 02:12:18.937 WARNING [localhost-startStop-1] org.apache.tomcat.util.descriptor.web.WebXml.setVersion Unknown version string [4.0]. Default version will be used.
01-Nov-2020 02:12:19.175 INFO [localhost-startStop-1] org.apache.jasper.servlet.TldScanner.scanJars At least one JAR was scanned for TLDs yet contained no TLDs. Enable debug logging for this logger for a complete list of JARs that were scanned but no TLDs were found in them. Skipping unneeded JARs during scanning can improve startup time and JSP compilation time.
01-Nov-2020 02:12:19.207 INFO [localhost-startStop-1] org.apache.catalina.startup.HostConfig.deployWAR Deployment of web application archive [C:\Users\Ron Koifman\Desktop\apache-tomcat-8.5.23\webapps\webapp_war.war] has finished in [445] ms
01-Nov-2020 02:12:19.208 INFO [localhost-startStop-1] org.apache.catalina.startup.HostConfig.deployDirectory Deploying web application directory [C:\Users\Ron Koifman\Desktop\apache-tomcat-8.5.23\webapps\docs]
01-Nov-2020 02:12:19.231 INFO [localhost-startStop-1] org.apache.catalina.startup.HostConfig.deployDirectory Deployment of web application directory [C:\Users\Ron Koifman\Desktop\apache-tomcat-8.5.23\webapps\docs] has finished in [23] ms
01-Nov-2020 02:12:19.232 INFO [localhost-startStop-1] org.apache.catalina.startup.HostConfig.deployDirectory Deploying web application directory [C:\Users\Ron Koifman\Desktop\apache-tomcat-8.5.23\webapps\examples]
01-Nov-2020 02:12:19.543 INFO [localhost-startStop-1] org.apache.catalina.startup.HostConfig.deployDirectory Deployment of web application directory [C:\Users\Ron Koifman\Desktop\apache-tomcat-8.5.23\webapps\examples] has finished in [312] ms
01-Nov-2020 02:12:19.544 INFO [localhost-startStop-1] org.apache.catalina.startup.HostConfig.deployDirectory Deploying web application directory [C:\Users\Ron Koifman\Desktop\apache-tomcat-8.5.23\webapps\host-manager]
01-Nov-2020 02:12:19.569 INFO [localhost-startStop-1] org.apache.catalina.startup.HostConfig.deployDirectory Deployment of web application directory [C:\Users\Ron Koifman\Desktop\apache-tomcat-8.5.23\webapps\host-manager] has finished in [26] ms
01-Nov-2020 02:12:19.569 INFO [localhost-startStop-1] org.apache.catalina.startup.HostConfig.deployDirectory Deploying web application directory [C:\Users\Ron Koifman\Desktop\apache-tomcat-8.5.23\webapps\manager]
01-Nov-2020 02:12:19.589 INFO [localhost-startStop-1] org.apache.catalina.startup.HostConfig.deployDirectory Deployment of web application directory [C:\Users\Ron Koifman\Desktop\apache-tomcat-8.5.23\webapps\manager] has finished in [20] ms
01-Nov-2020 02:12:19.589 INFO [localhost-startStop-1] org.apache.catalina.startup.HostConfig.deployDirectory Deploying web application directory [C:\Users\Ron Koifman\Desktop\apache-tomcat-8.5.23\webapps\ROOT]
01-Nov-2020 02:12:19.606 INFO [localhost-startStop-1] org.apache.catalina.startup.HostConfig.deployDirectory Deployment of web application directory [C:\Users\Ron Koifman\Desktop\apache-tomcat-8.5.23\webapps\ROOT] has finished in [17] ms
01-Nov-2020 02:12:19.607 INFO [localhost-startStop-1] org.apache.catalina.startup.HostConfig.deployDirectory Deploying web application directory [C:\Users\Ron Koifman\Desktop\apache-tomcat-8.5.23\webapps\sd-market]
01-Nov-2020 02:12:19.622 WARNING [localhost-startStop-1] org.apache.tomcat.util.descriptor.web.WebXml.setVersion Unknown version string [4.0]. Default version will be used.
01-Nov-2020 02:12:19.740 INFO [localhost-startStop-1] org.apache.jasper.servlet.TldScanner.scanJars At least one JAR was scanned for TLDs yet contained no TLDs. Enable debug logging for this logger for a complete list of JARs that were scanned but no TLDs were found in them. Skipping unneeded JARs during scanning can improve startup time and JSP compilation time.
01-Nov-2020 02:12:19.743 INFO [localhost-startStop-1] org.apache.catalina.startup.HostConfig.deployDirectory Deployment of web application directory [C:\Users\Ron Koifman\Desktop\apache-tomcat-8.5.23\webapps\sd-market] has finished in [136] ms
01-Nov-2020 02:12:19.746 INFO [main] org.apache.coyote.AbstractProtocol.start Starting ProtocolHandler ["http-nio-8080"]
01-Nov-2020 02:12:19.755 INFO [main] org.apache.coyote.AbstractProtocol.start Starting ProtocolHandler ["ajp-nio-8009"]
01-Nov-2020 02:12:19.758 INFO [main] org.apache.catalina.startup.Catalina.start Server startup in 1047 ms
01-Nov-2020 17:31:28.375 INFO [main] org.apache.catalina.startup.VersionLoggerListener.log Server version:        Apache Tomcat/8.5.23
01-Nov-2020 17:31:28.379 INFO [main] org.apache.catalina.startup.VersionLoggerListener.log Server built:          Sep 28 2017 10:30:11 UTC
01-Nov-2020 17:31:28.380 INFO [main] org.apache.catalina.startup.VersionLoggerListener.log Server number:         8.5.23.0
01-Nov-2020 17:31:28.380 INFO [main] org.apache.catalina.startup.VersionLoggerListener.log OS Name:               Windows 10
01-Nov-2020 17:31:28.380 INFO [main] org.apache.catalina.startup.VersionLoggerListener.log OS Version:            10.0
01-Nov-2020 17:31:28.380 INFO [main] org.apache.catalina.startup.VersionLoggerListener.log Architecture:          amd64
01-Nov-2020 17:31:28.380 INFO [main] org.apache.catalina.startup.VersionLoggerListener.log Java Home:             C:\Program Files\Java\jdk1.8.0_261\jre
01-Nov-2020 17:31:28.380 INFO [main] org.apache.catalina.startup.VersionLoggerListener.log JVM Version:           1.8.0_261-b12
01-Nov-2020 17:31:28.380 INFO [main] org.apache.catalina.startup.VersionLoggerListener.log JVM Vendor:            Oracle Corporation
01-Nov-2020 17:31:28.381 INFO [main] org.apache.catalina.startup.VersionLoggerListener.log CATALINA_BASE:         C:\Users\Ron Koifman\Desktop\apache-tomcat-8.5.23
01-Nov-2020 17:31:28.381 INFO [main] org.apache.catalina.startup.VersionLoggerListener.log CATALINA_HOME:         C:\Users\Ron Koifman\Desktop\apache-tomcat-8.5.23
01-Nov-2020 17:31:28.381 INFO [main] org.apache.catalina.startup.VersionLoggerListener.log Command line argument: -Djava.util.logging.config.file=C:\Users\Ron Koifman\Desktop\apache-tomcat-8.5.23\conf\logging.properties
01-Nov-2020 17:31:28.381 INFO [main] org.apache.catalina.startup.VersionLoggerListener.log Command line argument: -Djava.util.logging.manager=org.apache.juli.ClassLoaderLogManager
01-Nov-2020 17:31:28.381 INFO [main] org.apache.catalina.startup.VersionLoggerListener.log Command line argument: -Djdk.tls.ephemeralDHKeySize=2048
01-Nov-2020 17:31:28.381 INFO [main] org.apache.catalina.startup.VersionLoggerListener.log Command line argument: -Djava.protocol.handler.pkgs=org.apache.catalina.webresources
01-Nov-2020 17:31:28.381 INFO [main] org.apache.catalina.startup.VersionLoggerListener.log Command line argument: -Dcatalina.base=C:\Users\Ron Koifman\Desktop\apache-tomcat-8.5.23
01-Nov-2020 17:31:28.382 INFO [main] org.apache.catalina.startup.VersionLoggerListener.log Command line argument: -Dcatalina.home=C:\Users\Ron Koifman\Desktop\apache-tomcat-8.5.23
01-Nov-2020 17:31:28.382 INFO [main] org.apache.catalina.startup.VersionLoggerListener.log Command line argument: -Djava.io.tmpdir=C:\Users\Ron Koifman\Desktop\apache-tomcat-8.5.23\temp
01-Nov-2020 17:31:28.383 INFO [main] org.apache.catalina.core.AprLifecycleListener.lifecycleEvent Loaded APR based Apache Tomcat Native library [1.2.14] using APR version [1.6.2].
01-Nov-2020 17:31:28.383 INFO [main] org.apache.catalina.core.AprLifecycleListener.lifecycleEvent APR capabilities: IPv6 [true], sendfile [true], accept filters [false], random [true].
01-Nov-2020 17:31:28.384 INFO [main] org.apache.catalina.core.AprLifecycleListener.lifecycleEvent APR/OpenSSL configuration: useAprConnector [false], useOpenSSL [true]
01-Nov-2020 17:31:28.725 INFO [main] org.apache.catalina.core.AprLifecycleListener.initializeSSL OpenSSL successfully initialized [OpenSSL 1.0.2l  25 May 2017]
01-Nov-2020 17:31:28.912 INFO [main] org.apache.coyote.AbstractProtocol.init Initializing ProtocolHandler ["http-nio-8080"]
01-Nov-2020 17:31:29.165 INFO [main] org.apache.tomcat.util.net.NioSelectorPool.getSharedSelector Using a shared selector for servlet write/read
01-Nov-2020 17:31:29.168 INFO [main] org.apache.coyote.AbstractProtocol.init Initializing ProtocolHandler ["ajp-nio-8009"]
01-Nov-2020 17:31:29.171 INFO [main] org.apache.tomcat.util.net.NioSelectorPool.getSharedSelector Using a shared selector for servlet write/read
01-Nov-2020 17:31:29.172 INFO [main] org.apache.catalina.startup.Catalina.load Initialization processed in 1323 ms
01-Nov-2020 17:31:29.214 INFO [main] org.apache.catalina.core.StandardService.startInternal Starting service [Catalina]
01-Nov-2020 17:31:29.214 INFO [main] org.apache.catalina.core.StandardEngine.startInternal Starting Servlet Engine: Apache Tomcat/8.5.23
01-Nov-2020 17:31:29.248 INFO [localhost-startStop-1] org.apache.catalina.startup.HostConfig.deployWAR Deploying web application archive [C:\Users\Ron Koifman\Desktop\apache-tomcat-8.5.23\webapps\sd-market.war]
01-Nov-2020 17:31:29.445 WARNING [localhost-startStop-1] org.apache.tomcat.util.descriptor.web.WebXml.setVersion Unknown version string [4.0]. Default version will be used.
01-Nov-2020 17:31:29.681 INFO [localhost-startStop-1] org.apache.jasper.servlet.TldScanner.scanJars At least one JAR was scanned for TLDs yet contained no TLDs. Enable debug logging for this logger for a complete list of JARs that were scanned but no TLDs were found in them. Skipping unneeded JARs during scanning can improve startup time and JSP compilation time.
01-Nov-2020 17:31:29.726 INFO [localhost-startStop-1] org.apache.catalina.startup.HostConfig.deployWAR Deployment of web application archive [C:\Users\Ron Koifman\Desktop\apache-tomcat-8.5.23\webapps\sd-market.war] has finished in [477] ms
01-Nov-2020 17:31:29.727 INFO [localhost-startStop-1] org.apache.catalina.startup.HostConfig.deployDirectory Deploying web application directory [C:\Users\Ron Koifman\Desktop\apache-tomcat-8.5.23\webapps\docs]
01-Nov-2020 17:31:29.753 INFO [localhost-startStop-1] org.apache.catalina.startup.HostConfig.deployDirectory Deployment of web application directory [C:\Users\Ron Koifman\Desktop\apache-tomcat-8.5.23\webapps\docs] has finished in [26] ms
01-Nov-2020 17:31:29.753 INFO [localhost-startStop-1] org.apache.catalina.startup.HostConfig.deployDirectory Deploying web application directory [C:\Users\Ron Koifman\Desktop\apache-tomcat-8.5.23\webapps\examples]
01-Nov-2020 17:31:30.156 INFO [localhost-startStop-1] org.apache.catalina.startup.HostConfig.deployDirectory Deployment of web application directory [C:\Users\Ron Koifman\Desktop\apache-tomcat-8.5.23\webapps\examples] has finished in [403] ms
01-Nov-2020 17:31:30.157 INFO [localhost-startStop-1] org.apache.catalina.startup.HostConfig.deployDirectory Deploying web application directory [C:\Users\Ron Koifman\Desktop\apache-tomcat-8.5.23\webapps\host-manager]
01-Nov-2020 17:31:30.192 INFO [localhost-startStop-1] org.apache.catalina.startup.HostConfig.deployDirectory Deployment of web application directory [C:\Users\Ron Koifman\Desktop\apache-tomcat-8.5.23\webapps\host-manager] has finished in [35] ms
01-Nov-2020 17:31:30.192 INFO [localhost-startStop-1] org.apache.catalina.startup.HostConfig.deployDirectory Deploying web application directory [C:\Users\Ron Koifman\Desktop\apache-tomcat-8.5.23\webapps\manager]
01-Nov-2020 17:31:30.226 INFO [localhost-startStop-1] org.apache.catalina.startup.HostConfig.deployDirectory Deployment of web application directory [C:\Users\Ron Koifman\Desktop\apache-tomcat-8.5.23\webapps\manager] has finished in [34] ms
01-Nov-2020 17:31:30.226 INFO [localhost-startStop-1] org.apache.catalina.startup.HostConfig.deployDirectory Deploying web application directory [C:\Users\Ron Koifman\Desktop\apache-tomcat-8.5.23\webapps\ROOT]
01-Nov-2020 17:31:30.252 INFO [localhost-startStop-1] org.apache.catalina.startup.HostConfig.deployDirectory Deployment of web application directory [C:\Users\Ron Koifman\Desktop\apache-tomcat-8.5.23\webapps\ROOT] has finished in [26] ms
01-Nov-2020 17:31:30.257 INFO [main] org.apache.coyote.AbstractProtocol.start Starting ProtocolHandler ["http-nio-8080"]
01-Nov-2020 17:31:30.265 INFO [main] org.apache.coyote.AbstractProtocol.start Starting ProtocolHandler ["ajp-nio-8009"]
01-Nov-2020 17:31:30.268 INFO [main] org.apache.catalina.startup.Catalina.start Server startup in 1094 ms
